<?xml version="1.0" encoding="UTF-8"?>
<testsuite xmlns:xsi="http://www.w3.org/2001/XMLSchema-instance" xsi:noNamespaceSchemaLocation="https://maven.apache.org/surefire/maven-surefire-plugin/xsd/surefire-test-report.xsd" name="org.friendbuy.AppTest" time="0.032" tests="6" errors="0" skipped="0" failures="0">
  <properties>
[...]
</properties>
  <testcase name="testNumberEqualToInTransaction" classname="org.friendbuy.AppTest" time="0.007"/>
  <testcase name="testRollback" classname="org.friendbuy.AppTest" time="0"/>
  <testcase name="testNumberEqualTo" classname="org.friendbuy.AppTest" time="0.001"/>
  <testcase name="testRollbackCommit" classname="org.friendbuy.AppTest" time="0"/>
  <testcase name="testCommit" classname="org.friendbuy.AppTest" time="0"/>
  <testcase name="testSetUnset" classname="org.friendbuy.AppTest" time="0"/>
</testsuite>